{"C:\\Users\\afons\\OneDrive\\Área de Trabalho\\Teste_Docsie-main\\src\\Utils\\Action.js": {"path":"C:\\Users\\afons\\OneDrive\\Área de Trabalho\\Teste_Docsie-main\\src\\Utils\\Action.js","statementMap":{"0":{"start":{"line":1,"column":15},"end":{"line":10,"column":1}},"1":{"start":{"line":3,"column":4},"end":{"line":6,"column":6}},"2":{"start":{"line":8,"column":2},"end":{"line":8,"column":22}},"3":{"start":{"line":9,"column":2},"end":{"line":9,"column":17}}},"fnMap":{"0":{"name":"(anonymous_0)","decl":{"start":{"line":1,"column":15},"end":{"line":1,"column":16}},"loc":{"start":{"line":1,"column":25},"end":{"line":10,"column":1}},"line":1},"1":{"name":"Payload","decl":{"start":{"line":2,"column":11},"end":{"line":2,"column":18}},"loc":{"start":{"line":2,"column":35},"end":{"line":7,"column":3}},"line":2}},"branchMap":{"0":{"loc":{"start":{"line":2,"column":19},"end":{"line":2,"column":33}},"type":"default-arg","locations":[{"start":{"line":2,"column":29},"end":{"line":2,"column":33}}],"line":2}},"s":{"0":1,"1":1,"2":1,"3":1},"f":{"0":1,"1":1},"b":{"0":[1]},"_coverageSchema":"43e27e138ebf9cfc5966b082cf9a028302ed4184","hash":"01f507b2e206d55064b08c01513c008fb6e156aa"}
,"C:\\Users\\afons\\OneDrive\\Área de Trabalho\\Teste_Docsie-main\\src\\services\\getDataApi.js": {"path":"C:\\Users\\afons\\OneDrive\\Área de Trabalho\\Teste_Docsie-main\\src\\services\\getDataApi.js","statementMap":{"0":{"start":{"line":4,"column":15},"end":{"line":4,"column":35}},"1":{"start":{"line":5,"column":2},"end":{"line":5,"column":14}}},"fnMap":{"0":{"name":"getDataApi","decl":{"start":{"line":3,"column":22},"end":{"line":3,"column":32}},"loc":{"start":{"line":3,"column":38},"end":{"line":6,"column":1}},"line":3}},"branchMap":{},"s":{"0":2,"1":2},"f":{"0":2},"b":{},"_coverageSchema":"43e27e138ebf9cfc5966b082cf9a028302ed4184","hash":"0d9058a0b5a12258d911900dccfcceacac4582fb"}
}
